12:38:05 **** Incremental Build of configuration Debug for project Project_3 ****
make all 
Building file: ../app.c
Invoking: AVR Compiler
avr-gcc -Wall -g2 -gstabs -O0 -fpack-struct -fshort-enums -ffunction-sections -fdata-sections -std=gnu99 -funsigned-char -funsigned-bitfields -mmcu=atmega32 -DF_CPU=1000000UL -MMD -MP -MF"app.d" -MT"app.o" -c -o "app.o" "../app.c"
Finished building: ../app.c
 
Building target: Project_3.elf
Invoking: AVR C Linker
avr-gcc -Wl,-Map,Project_3.map -mmcu=atmega32 -o "Project_3.elf"  ./MCAL/adc.o ./MCAL/gpio.o ./MCAL/pwm.o  ./HAL/dc_motor.o ./HAL/lcd.o ./HAL/lm35_sensor.o  ./app.o   
Finished building target: Project_3.elf
 
Invoking: AVR Create Extended Listing
avr-objdump -h -S Project_3.elf  >"Project_3.lss"
Finished building: Project_3.lss
 
Invoking: Print Size
avr-size --format=avr --mcu=atmega32 Project_3.elf
AVR Memory Usage
----------------
Device: atmega32

Program:    9652 bytes (29.5% Full)
(.text + .data + .bootloader)

Data:        298 bytes (14.6% Full)
(.data + .bss + .noinit)


Finished building: sizedummy
 

12:38:06 Build Finished. 0 errors, 0 warnings. (took 1s.204ms)

